quick-library/build/outputs/logs/manifest-merger-debug-report.txt
-- Merging decision tree log ---
manifest
ADDED from src\main\AndroidManifest.xml:2:1-89:12
INJECTED from src\main\AndroidManifest.xml:2:1-89:12
INJECTED from src\main\AndroidManifest.xml:2:1-89:12
INJECTED from src\main\AndroidManifest.xml:2:1-89:12
INJECTED from src\main\AndroidManifest.xml:2:1-89:12
INJECTED from src\main\AndroidManifest.xml:2:1-89:12
INJECTED from src\main\AndroidManifest.xml:2:1-89:12
	package
		ADDED from src\main\AndroidManifest.xml:4:11-38
		INJECTED from src\main\AndroidManifest.xml
		INJECTED from src\main\AndroidManifest.xml
	android:versionName
		INJECTED from src\main\AndroidManifest.xml
		ADDED from src\main\AndroidManifest.xml:2:1-89:12
		INJECTED from src\main\AndroidManifest.xml
	xmlns:tools
		ADDED from src\main\AndroidManifest.xml:3:11-57
	android:versionCode
		INJECTED from src\main\AndroidManifest.xml
		ADDED from src\main\AndroidManifest.xml:2:1-89:12
		INJECTED from src\main\AndroidManifest.xml
	xmlns:android
		ADDED from src\main\AndroidManifest.xml:2:11-69
uses-permission#android.permission.BLUETOOTH
ADDED from src\main\AndroidManifest.xml:6:5-67
	android:name
		ADDED from src\main\AndroidManifest.xml:6:22-65
uses-permission#android.permission.BLUETOOTH_ADMIN
ADDED from src\main\AndroidManifest.xml:7:5-73
	android:name
		ADDED from src\main\AndroidManifest.xml:7:22-71
uses-permission#android.permission.ACCESS_FINE_LOCATION
ADDED from src\main\AndroidManifest.xml:8:5-78
	android:name
		ADDED from src\main\AndroidManifest.xml:8:22-76
uses-permission#android.permission.ACCESS_COARSE_LOCATION
ADDED from src\main\AndroidManifest.xml:9:5-80
	android:name
		ADDED from src\main\AndroidManifest.xml:9:22-78
uses-permission#android.permission.INTERNET
ADDED from src\main\AndroidManifest.xml:10:5-66
	android:name
		ADDED from src\main\AndroidManifest.xml:10:22-64
uses-permission#android.permission.ACCESS_NETWORK_STATE
ADDED from src\main\AndroidManifest.xml:11:5-78
	android:name
		ADDED from src\main\AndroidManifest.xml:11:22-76
uses-permission#android.permission.ACCESS_WIFI_STATE
ADDED from src\main\AndroidManifest.xml:12:5-75
	android:name
		ADDED from src\main\AndroidManifest.xml:12:22-73
uses-permission#android.permission.WRITE_EXTERNAL_STORAGE
ADDED from src\main\AndroidManifest.xml:13:5-80
	android:name
		ADDED from src\main\AndroidManifest.xml:13:22-78
uses-permission#android.permission.READ_EXTERNAL_STORAGE
ADDED from src\main\AndroidManifest.xml:14:5-79
	android:name
		ADDED from src\main\AndroidManifest.xml:14:22-77
uses-permission#android.permission.READ_PHONE_STATE
ADDED from src\main\AndroidManifest.xml:15:5-74
	android:name
		ADDED from src\main\AndroidManifest.xml:15:22-72
uses-permission#android.permission.CAMERA
ADDED from src\main\AndroidManifest.xml:16:5-64
	android:name
		ADDED from src\main\AndroidManifest.xml:16:22-62
uses-permission#android.permission.REQUEST_INSTALL_PACKAGES
ADDED from src\main\AndroidManifest.xml:17:5-82
	android:name
		ADDED from src\main\AndroidManifest.xml:17:22-80
uses-permission#android.permission.SYSTEM_ALERT_WINDOW
ADDED from src\main\AndroidManifest.xml:18:5-77
	android:name
		ADDED from src\main\AndroidManifest.xml:18:22-75
uses-permission#android.permission.CALL_PHONE
ADDED from src\main\AndroidManifest.xml:19:5-68
	android:name
		ADDED from src\main\AndroidManifest.xml:19:22-66
application
ADDED from src\main\AndroidManifest.xml:21:5-87:19
	android:largeHeap
		ADDED from src\main\AndroidManifest.xml:22:13-37
activity#org.quick.library.function.SelectorImgActivity
ADDED from src\main\AndroidManifest.xml:24:9-27:55
	android:screenOrientation
		ADDED from src\main\AndroidManifest.xml:27:17-53
	android:configChanges
		ADDED from src\main\AndroidManifest.xml:26:17-78
	android:name
		ADDED from src\main\AndroidManifest.xml:25:17-61
activity#org.quick.library.function.selectorimg.photoandselectorshow.SelectorAndShowActivity
ADDED from src\main\AndroidManifest.xml:28:9-31:55
	android:screenOrientation
		ADDED from src\main\AndroidManifest.xml:31:17-53
	android:configChanges
		ADDED from src\main\AndroidManifest.xml:30:17-78
	android:name
		ADDED from src\main\AndroidManifest.xml:29:17-98
activity#org.quick.library.function.selectorimg.PhotoAlbumActivity
ADDED from src\main\AndroidManifest.xml:32:9-35:55
	android:screenOrientation
		ADDED from src\main\AndroidManifest.xml:35:17-53
	android:configChanges
		ADDED from src\main\AndroidManifest.xml:34:17-78
	android:name
		ADDED from src\main\AndroidManifest.xml:33:17-72
activity#org.quick.library.function.selectorimg.UCropActivity
ADDED from src\main\AndroidManifest.xml:36:9-39:55
	android:screenOrientation
		ADDED from src\main\AndroidManifest.xml:39:17-53
	android:configChanges
		ADDED from src\main\AndroidManifest.xml:38:17-78
	android:name
		ADDED from src\main\AndroidManifest.xml:37:17-67
activity#org.quick.library.b.activities.WebActivity
ADDED from src\main\AndroidManifest.xml:40:9-44:55
	android:screenOrientation
		ADDED from src\main\AndroidManifest.xml:44:17-53
	android:windowSoftInputMode
		ADDED from src\main\AndroidManifest.xml:43:17-74
	android:configChanges
		ADDED from src\main\AndroidManifest.xml:42:17-78
	android:name
		ADDED from src\main\AndroidManifest.xml:41:17-57
service#org.quick.library.service.DownloadService
ADDED from src\main\AndroidManifest.xml:46:9-59
	android:name
		ADDED from src\main\AndroidManifest.xml:46:18-57
meta-data#design_width
ADDED from src\main\AndroidManifest.xml:50:9-52:38
	android:value
		ADDED from src\main\AndroidManifest.xml:52:17-36
	android:name
		ADDED from src\main\AndroidManifest.xml:51:17-44
meta-data#design_height
ADDED from src\main\AndroidManifest.xml:53:9-55:39
	android:value
		ADDED from src\main\AndroidManifest.xml:55:17-37
	android:name
		ADDED from src\main\AndroidManifest.xml:54:17-45
activity#com.tencent.bugly.beta.ui.BetaActivity
ADDED from src\main\AndroidManifest.xml:59:9-61:67
	android:theme
		ADDED from src\main\AndroidManifest.xml:61:17-65
	android:name
		ADDED from src\main\AndroidManifest.xml:60:17-70
provider#org.quick.library.provider.BuglyFileProvider
ADDED from src\main\AndroidManifest.xml:63:9-71:20
	android:grantUriPermissions
		ADDED from src\main\AndroidManifest.xml:67:17-51
	android:authorities
		ADDED from src\main\AndroidManifest.xml:65:17-68
	android:exported
		ADDED from src\main\AndroidManifest.xml:66:17-41
	android:name
		ADDED from src\main\AndroidManifest.xml:64:17-59
meta-data#android.support.FILE_PROVIDER_PATHS
ADDED from src\main\AndroidManifest.xml:68:13-70:61
	android:resource
		ADDED from src\main\AndroidManifest.xml:70:21-59
	android:name
		ADDED from src\main\AndroidManifest.xml:69:21-71
provider#org.quick.library.provider.InstallFileProvider
ADDED from src\main\AndroidManifest.xml:75:9-83:20
	android:grantUriPermissions
		ADDED from src\main\AndroidManifest.xml:79:17-51
	android:authorities
		ADDED from src\main\AndroidManifest.xml:77:17-76
	android:exported
		ADDED from src\main\AndroidManifest.xml:78:17-41
	android:name
		ADDED from src\main\AndroidManifest.xml:76:17-61
uses-sdk
INJECTED from src\main\AndroidManifest.xml reason: use-sdk injection requested
INJECTED from src\main\AndroidManifest.xml
INJECTED from src\main\AndroidManifest.xml
INJECTED from src\main\AndroidManifest.xml
INJECTED from src\main\AndroidManifest.xml
	android:targetSdkVersion
		INJECTED from src\main\AndroidManifest.xml
		ADDED from src\main\AndroidManifest.xml
		INJECTED from src\main\AndroidManifest.xml
	android:minSdkVersion
		INJECTED from src\main\AndroidManifest.xml
		ADDED from src\main\AndroidManifest.xml
		INJECTED from src\main\AndroidManifest.xml